# JRE version: OpenJDK Runtime Environment (8.0_152-b02) (build 1.8.0_152-release-1024-b02)
# Java VM: OpenJDK 64-Bit Server VM (25.152-b02 mixed mode windows-amd64 compressed oops)
Heap:
 PSYoungGen      total 224256K, used 216723K [0x00000000e0000000, 0x00000000f0500000, 0x0000000100000000)
  eden space 200704K, 96% used [0x00000000e0000000,0x00000000ebca73a0,0x00000000ec400000)
  from space 23552K, 99% used [0x00000000ee200000,0x00000000ef8fd9e0,0x00000000ef900000)
  to   space 30720K, 0% used [0x00000000ec400000,0x00000000ec400000,0x00000000ee200000)
 ParOldGen       total 130048K, used 50148K [0x00000000a0000000, 0x00000000a7f00000, 0x00000000e0000000)
  object space 130048K, 38% used [0x00000000a0000000,0x00000000a30f9398,0x00000000a7f00000)
 Metaspace       used 79686K, capacity 83306K, committed 83476K, reserved 1122304K
  class space    used 10236K, capacity 10960K, committed 11068K, reserved 1048576K
GC Heap History (10 events):
Event: 413.459 GC heap before
{Heap before GC invocations=19 (full 3):
 PSYoungGen      total 151040K, used 135417K [0x00000000e0000000, 0x00000000ebb80000, 0x0000000100000000)
  eden space 128000K, 100% used [0x00000000e0000000,0x00000000e7d00000,0x00000000e7d00000)
  from space 23040K, 32% used [0x00000000e7d00000,0x00000000e843e620,0x00000000e9380000)
  to   space 22528K, 0% used [0x00000000ea580000,0x00000000ea580000,0x00000000ebb80000)
 ParOldGen       total 130048K, used 39882K [0x00000000a0000000, 0x00000000a7f00000, 0x00000000e0000000)
  object space 130048K, 30% used [0x00000000a0000000,0x00000000a26f2be8,0x00000000a7f00000)
 Metaspace       used 66553K, capacity 68790K, committed 68884K, reserved 1110016K
  class space    used 8678K, capacity 9210K, committed 9276K, reserved 1048576K
Event: 413.508 GC heap after
Heap after GC invocations=19 (full 3):
 PSYoungGen      total 161280K, used 9575K [0x00000000e0000000, 0x00000000eb680000, 0x0000000100000000)
  eden space 143872K, 0% used [0x00000000e0000000,0x00000000e0000000,0x00000000e8c80000)
  from space 17408K, 55% used [0x00000000ea580000,0x00000000eaed9d70,0x00000000eb680000)
  to   space 21504K, 0% used [0x00000000e8c80000,0x00000000e8c80000,0x00000000ea180000)
 ParOldGen       total 130048K, used 39890K [0x00000000a0000000, 0x00000000a7f00000, 0x00000000e0000000)
  object space 130048K, 30% used [0x00000000a0000000,0x00000000a26f4be8,0x00000000a7f00000)
 Metaspace       used 66553K, capacity 68790K, committed 68884K, reserved 1110016K
  class space    used 8678K, capacity 9210K, committed 9276K, reserved 1048576K
}
Event: 423.325 GC heap before
{Heap before GC invocations=20 (full 3):
 PSYoungGen      total 161280K, used 152549K [0x00000000e0000000, 0x00000000eb680000, 0x0000000100000000)
  eden space 143872K, 99% used [0x00000000e0000000,0x00000000e8b9f7e8,0x00000000e8c80000)
  from space 17408K, 55% used [0x00000000ea580000,0x00000000eaed9d70,0x00000000eb680000)
  to   space 21504K, 0% used [0x00000000e8c80000,0x00000000e8c80000,0x00000000ea180000)
 ParOldGen       total 130048K, used 39890K [0x00000000a0000000, 0x00000000a7f00000, 0x00000000e0000000)
  object space 130048K, 30% used [0x00000000a0000000,0x00000000a26f4be8,0x00000000a7f00000)
 Metaspace       used 68946K, capacity 71416K, committed 71444K, reserved 1112064K
  class space    used 8918K, capacity 9505K, committed 9532K, reserved 1048576K
Event: 423.370 GC heap after
Heap after GC invocations=20 (full 3):
 PSYoungGen      total 165376K, used 14924K [0x00000000e0000000, 0x00000000ec300000, 0x0000000100000000)
  eden space 143872K, 0% used [0x00000000e0000000,0x00000000e0000000,0x00000000e8c80000)
  from space 21504K, 69% used [0x00000000e8c80000,0x00000000e9b13140,0x00000000ea180000)
  to   space 22016K, 0% used [0x00000000ead80000,0x00000000ead80000,0x00000000ec300000)
 ParOldGen       total 130048K, used 39898K [0x00000000a0000000, 0x00000000a7f00000, 0x00000000e0000000)
  object space 130048K, 30% used [0x00000000a0000000,0x00000000a26f6be8,0x00000000a7f00000)
 Metaspace       used 68946K, capacity 71416K, committed 71444K, reserved 1112064K
  class space    used 8918K, capacity 9505K, committed 9532K, reserved 1048576K
}
Event: 423.423 GC heap before
{Heap before GC invocations=21 (full 3):
 PSYoungGen      total 165376K, used 158216K [0x00000000e0000000, 0x00000000ec300000, 0x0000000100000000)
  eden space 143872K, 99% used [0x00000000e0000000,0x00000000e8bef1e8,0x00000000e8c80000)
  from space 21504K, 69% used [0x00000000e8c80000,0x00000000e9b13140,0x00000000ea180000)
  to   space 22016K, 0% used [0x00000000ead80000,0x00000000ead80000,0x00000000ec300000)
 ParOldGen       total 130048K, used 39898K [0x00000000a0000000, 0x00000000a7f00000, 0x00000000e0000000)
  object space 130048K, 30% used [0x00000000a0000000,0x00000000a26f6be8,0x00000000a7f00000)
 Metaspace       used 68952K, capacity 71416K, committed 71444K, reserved 1112064K
  class space    used 8918K, capacity 9505K, committed 9532K, reserved 1048576K
Event: 423.468 GC heap after
Heap after GC invocations=21 (full 3):
 PSYoungGen      total 177664K, used 13954K [0x00000000e0000000, 0x00000000ee900000, 0x0000000100000000)
  eden space 155648K, 0% used [0x00000000e0000000,0x00000000e0000000,0x00000000e9800000)
  from space 22016K, 63% used [0x00000000ead80000,0x00000000ebb20b30,0x00000000ec300000)
  to   space 22016K, 0% used [0x00000000e9800000,0x00000000e9800000,0x00000000ead80000)
 ParOldGen       total 130048K, used 39906K [0x00000000a0000000, 0x00000000a7f00000, 0x00000000e0000000)
  object space 130048K, 30% used [0x00000000a0000000,0x00000000a26f8be8,0x00000000a7f00000)
 Metaspace       used 68952K, capacity 71416K, committed 71444K, reserved 1112064K
  class space    used 8918K, capacity 9505K, committed 9532K, reserved 1048576K
}
Event: 437.866 GC heap before
{Heap before GC invocations=22 (full 3):
 PSYoungGen      total 177664K, used 169602K [0x00000000e0000000, 0x00000000ee900000, 0x0000000100000000)
  eden space 155648K, 100% used [0x00000000e0000000,0x00000000e9800000,0x00000000e9800000)
  from space 22016K, 63% used [0x00000000ead80000,0x00000000ebb20b30,0x00000000ec300000)
  to   space 22016K, 0% used [0x00000000e9800000,0x00000000e9800000,0x00000000ead80000)
 ParOldGen       total 130048K, used 39906K [0x00000000a0000000, 0x00000000a7f00000, 0x00000000e0000000)
  object space 130048K, 30% used [0x00000000a0000000,0x00000000a26f8be8,0x00000000a7f00000)
 Metaspace       used 70659K, capacity 73504K, committed 73748K, reserved 1114112K
  class space    used 9139K, capacity 9783K, committed 9788K, reserved 1048576K
Event: 437.903 GC heap after
Heap after GC invocations=22 (full 3):
 PSYoungGen      total 177664K, used 17577K [0x00000000e0000000, 0x00000000ef900000, 0x0000000100000000)
  eden space 155648K, 0% used [0x00000000e0000000,0x00000000e0000000,0x00000000e9800000)
  from space 22016K, 79% used [0x00000000e9800000,0x00000000ea92a620,0x00000000ead80000)
  to   space 23552K, 0% used [0x00000000ee200000,0x00000000ee200000,0x00000000ef900000)
 ParOldGen       total 130048K, used 39914K [0x00000000a0000000, 0x00000000a7f00000, 0x00000000e0000000)
  object space 130048K, 30% used [0x00000000a0000000,0x00000000a26fabe8,0x00000000a7f00000)
 Metaspace       used 70659K, capacity 73504K, committed 73748K, reserved 1114112K
  class space    used 9139K, capacity 9783K, committed 9788K, reserved 1048576K
}
Event: 446.204 GC heap before
{Heap before GC invocations=23 (full 3):
 PSYoungGen      total 177664K, used 173225K [0x00000000e0000000, 0x00000000ef900000, 0x0000000100000000)
  eden space 155648K, 100% used [0x00000000e0000000,0x00000000e9800000,0x00000000e9800000)
  from space 22016K, 79% used [0x00000000e9800000,0x00000000ea92a620,0x00000000ead80000)
  to   space 23552K, 0% used [0x00000000ee200000,0x00000000ee200000,0x00000000ef900000)
 ParOldGen       total 130048K, used 39914K [0x00000000a0000000, 0x00000000a7f00000, 0x00000000e0000000)
  object space 130048K, 30% used [0x00000000a0000000,0x00000000a26fabe8,0x00000000a7f00000)
 Metaspace       used 78317K, capacity 81788K, committed 82068K, reserved 1120256K
  class space    used 10105K, capacity 10833K, committed 10940K, reserved 1048576K
Event: 446.346 GC heap after
Heap after GC invocations=23 (full 3):
 PSYoungGen      total 224256K, used 23542K [0x00000000e0000000, 0x00000000f0500000, 0x0000000100000000)
  eden space 200704K, 0% used [0x00000000e0000000,0x00000000e0000000,0x00000000ec400000)
  from space 23552K, 99% used [0x00000000ee200000,0x00000000ef8fd9e0,0x00000000ef900000)
  to   space 30720K, 0% used [0x00000000ec400000,0x00000000ec400000,0x00000000ee200000)
 ParOldGen       total 130048K, used 50148K [0x00000000a0000000, 0x00000000a7f00000, 0x00000000e0000000)
  object space 130048K, 38% used [0x00000000a0000000,0x00000000a30f9398,0x00000000a7f00000)
 Metaspace       used 78317K, capacity 81788K, committed 82068K, reserved 1120256K
  class space    used 10105K, capacity 10833K, committed 10940K, reserved 1048576K
}

